<?xml version="1.0" encoding="UTF-8"?>
<!-- Generated by org.testng.reporters.JUnitReportReporter -->
<testsuite hostname="N1NXCV083542029" failures="0" tests="2" name="com.ecommerce.test.normalbrowsertesting" time="4.683" errors="1" timestamp="2024-06-03T16:48:13 IST" skipped="0">
  <testcase classname="com.ecommerce.test.normalbrowsertesting" name="setup" time="4.667"/>
  <testcase classname="com.ecommerce.test.normalbrowsertesting" name="teardown" time="0.016">
    <error type="java.lang.StackOverflowError">
      <![CDATA[java.lang.StackOverflowError
at com.ecommerce.test.normalbrowsertesting.teardown(normalbrowsertesting.java:18)
at com.ecommerce.test.normalbrowsertesting.teardown(normalbrowsertesting.java:18)
at com.ecommerce.test.normalbrowsertesting.teardown(normalbrowsertesting.java:18)
at com.ecommerce.test.normalbrowsertesting.teardown(normalbrowsertesting.java:18)
at com.ecommerce.test.normalbrowsertesting.teardown(normalbrowsertesting.java:18)
at com.ecommerce.test.normalbrowsertesting.teardown(normalbrowsertesting.java:18)
at com.ecommerce.test.normalbrowsertesting.teardown(normalbrowsertesting.java:18)
at com.ecommerce.test.normalbrowsertesting.teardown(normalbrowsertesting.java:18)
at com.ecommerce.test.normalbrowsertesting.teardown(normalbrowsertesting.java:18)
at com.ecommerce.test.normalbrowsertesting.teardown(normalbrowsertesting.java:18)
at com.ecommerce.test.normalbrowsertesting.teardown(normalbrowsertesting.java:18)
at com.ecommerce.test.normalbrowsertesting.teardown(normalbrowsertesting.java:18)
at com.ecommerce.test.normalbrowsertesting.teardown(normalbrowsertesting.java:18)
at com.ecommerce.test.normalbrowsertesting.teardown(normalbrowsertesting.java:18)
at com.ecommerce.test.normalbrowsertesting.teardown(normalbrowsertesting.java:18)
at com.ecommerce.test.normalbrowsertesting.teardown(normalbrowsertesting.java:18)
at com.ecommerce.test.normalbrowsertesting.teardown(normalbrowsertesting.java:18)
at com.ecommerce.test.normalbrowsertesting.teardown(normalbrowsertesting.java:18)
at com.ecommerce.test.normalbrowsertesting.teardown(normalbrowsertesting.java:18)
at com.ecommerce.test.normalbrowsertesting.teardown(normalbrowsertesting.java:18)
at com.ecommerce.test.normalbrowsertesting.teardown(normalbrowsertesting.java:18)
at com.ecommerce.test.normalbrowsertesting.teardown(normalbrowsertesting.java:18)
at com.ecommerce.test.normalbrowsertesting.teardown(normalbrowsertesting.java:18)
at com.ecommerce.test.normalbrowsertesting.teardown(normalbrowsertesting.java:18)
at com.ecommerce.test.normalbrowsertesting.teardown(normalbrowsertesting.java:18)
at com.ecommerce.test.normalbrowsertesting.teardown(normalbrowsertesting.java:18)
at com.ecommerce.test.normalbrowsertesting.teardown(normalbrowsertesting.java:18)
at com.ecommerce.test.normalbrowsertesting.teardown(normalbrowsertesting.java:18)
at com.ecommerce.test.normalbrowsertesting.teardown(normalbrowsertesting.java:18)
at com.ecommerce.test.normalbrowsertesting.teardown(normalbrowsertesting.java:18)
at com.ecommerce.test.normalbrowsertesting.teardown(normalbrowsertesting.java:18)
at com.ecommerce.test.normalbrowsertesting.teardown(normalbrowsertesting.java:18)
at com.ecommerce.test.normalbrowsertesting.teardown(normalbrowsertesting.java:18)
at com.ecommerce.test.normalbrowsertesting.teardown(normalbrowsertesting.java:18)
at com.ecommerce.test.normalbrowsertesting.teardown(normalbrowsertesting.java:18)
at com.ecommerce.test.normalbrowsertesting.teardown(normalbrowsertesting.java:18)
at com.ecommerce.test.normalbrowsertesting.teardown(normalbrowsertesting.java:18)
at com.ecommerce.test.normalbrowsertesting.teardown(normalbrowsertesting.java:18)
at com.ecommerce.test.normalbrowsertesting.teardown(normalbrowsertesting.java:18)
at com.ecommerce.test.normalbrowsertesting.teardown(normalbrowsertesting.java:18)
at com.ecommerce.test.normalbrowsertesting.teardown(normalbrowsertesting.java:18)
at com.ecommerce.test.normalbrowsertesting.teardown(normalbrowsertesting.java:18)
at com.ecommerce.test.normalbrowsertesting.teardown(normalbrowsertesting.java:18)
at com.ecommerce.test.normalbrowsertesting.teardown(normalbrowsertesting.java:18)
at com.ecommerce.test.normalbrowsertesting.teardown(normalbrowsertesting.java:18)
at com.ecommerce.test.normalbrowsertesting.teardown(normalbrowsertesting.java:18)
at com.ecommerce.test.normalbrowsertesting.teardown(normalbrowsertesting.java:18)
at com.ecommerce.test.normalbrowsertesting.teardown(normalbrowsertesting.java:18)
at com.ecommerce.test.normalbrowsertesting.teardown(normalbrowsertesting.java:18)
at com.ecommerce.test.normalbrowsertesting.teardown(normalbrowsertesting.java:18)
at com.ecommerce.test.normalbrowsertesting.teardown(normalbrowsertesting.java:18)
at com.ecommerce.test.normalbrowsertesting.teardown(normalbrowsertesting.java:18)
at com.ecommerce.test.normalbrowsertesting.teardown(normalbrowsertesting.java:18)
at com.ecommerce.test.normalbrowsertesting.teardown(normalbrowsertesting.java:18)
at com.ecommerce.test.normalbrowsertesting.teardown(normalbrowsertesting.java:18)
at com.ecommerce.test.normalbrowsertesting.teardown(normalbrowsertesting.java:18)
at com.ecommerce.test.normalbrowsertesting.teardown(normalbrowsertesting.java:18)
at com.ecommerce.test.normalbrowsertesting.teardown(normalbrowsertesting.java:18)
at com.ecommerce.test.normalbrowsertesting.teardown(normalbrowsertesting.java:18)
at com.ecommerce.test.normalbrowsertesting.teardown(normalbrowsertesting.java:18)
at com.ecommerce.test.normalbrowsertesting.teardown(normalbrowsertesting.java:18)
at com.ecommerce.test.normalbrowsertesting.teardown(normalbrowsertesting.java:18)
at com.ecommerce.test.normalbrowsertesting.teardown(normalbrowsertesting.java:18)
at com.ecommerce.test.normalbrowsertesting.teardown(normalbrowsertesting.java:18)
at com.ecommerce.test.normalbrowsertesting.teardown(normalbrowsertesting.java:18)
at com.ecommerce.test.normalbrowsertesting.teardown(normalbrowsertesting.java:18)
at com.ecommerce.test.normalbrowsertesting.teardown(normalbrowsertesting.java:18)
at com.ecommerce.test.normalbrowsertesting.teardown(normalbrowsertesting.java:18)
at com.ecommerce.test.normalbrowsertesting.teardown(normalbrowsertesting.java:18)
at com.ecommerce.test.normalbrowsertesting.teardown(normalbrowsertesting.java:18)
at com.ecommerce.test.normalbrowsertesting.teardown(normalbrowsertesting.java:18)
at com.ecommerce.test.normalbrowsertesting.teardown(normalbrowsertesting.java:18)
at com.ecommerce.test.normalbrowsertesting.teardown(normalbrowsertesting.java:18)
at com.ecommerce.test.normalbrowsertesting.teardown(normalbrowsertesting.java:18)
at com.ecommerce.test.normalbrowsertesting.teardown(normalbrowsertesting.java:18)
at com.ecommerce.test.normalbrowsertesting.teardown(normalbrowsertesting.java:18)
at com.ecommerce.test.normalbrowsertesting.teardown(normalbrowsertesting.java:18)
at com.ecommerce.test.normalbrowsertesting.teardown(normalbrowsertesting.java:18)
at com.ecommerce.test.normalbrowsertesting.teardown(normalbrowsertesting.java:18)
at com.ecommerce.test.normalbrowsertesting.teardown(normalbrowsertesting.java:18)
at com.ecommerce.test.normalbrowsertesting.teardown(normalbrowsertesting.java:18)
at com.ecommerce.test.normalbrowsertesting.teardown(normalbrowsertesting.java:18)
at com.ecommerce.test.normalbrowsertesting.teardown(normalbrowsertesting.java:18)
at com.ecommerce.test.normalbrowsertesting.teardown(normalbrowsertesting.java:18)
at com.ecommerce.test.normalbrowsertesting.teardown(normalbrowsertesting.java:18)
at com.ecommerce.test.normalbrowsertesting.teardown(normalbrowsertesting.java:18)
at com.ecommerce.test.normalbrowsertesting.teardown(normalbrowsertesting.java:18)
at com.ecommerce.test.normalbrowsertesting.teardown(normalbrowsertesting.java:18)
at com.ecommerce.test.normalbrowsertesting.teardown(normalbrowsertesting.java:18)
at com.ecommerce.test.normalbrowsertesting.teardown(normalbrowsertesting.java:18)
at com.ecommerce.test.normalbrowsertesting.teardown(normalbrowsertesting.java:18)
at com.ecommerce.test.normalbrowsertesting.teardown(normalbrowsertesting.java:18)
at com.ecommerce.test.normalbrowsertesting.teardown(normalbrowsertesting.java:18)
at com.ecommerce.test.normalbrowsertesting.teardown(normalbrowsertesting.java:18)
at com.ecommerce.test.normalbrowsertesting.teardown(normalbrowsertesting.java:18)
at com.ecommerce.test.normalbrowsertesting.teardown(normalbrowsertesting.java:18)
at com.ecommerce.test.normalbrowsertesting.teardown(normalbrowsertesting.java:18)
at com.ecommerce.test.normalbrowsertesting.teardown(normalbrowsertesting.java:18)
at com.ecommerce.test.normalbrowsertesting.teardown(normalbrowsertesting.java:18)
at com.ecommerce.test.normalbrowsertesting.teardown(normalbrowsertesting.java:18)
at com.ecommerce.test.normalbrowsertesting.teardown(normalbrowsertesting.java:18)
at com.ecommerce.test.normalbrowsertesting.teardown(normalbrowsertesting.java:18)
at com.ecommerce.test.normalbrowsertesting.teardown(normalbrowsertesting.java:18)
at com.ecommerce.test.normalbrowsertesting.teardown(normalbrowsertesting.java:18)
at com.ecommerce.test.normalbrowsertesting.teardown(normalbrowsertesting.java:18)
at com.ecommerce.test.normalbrowsertesting.teardown(normalbrowsertesting.java:18)
at com.ecommerce.test.normalbrowsertesting.teardown(normalbrowsertesting.java:18)
at com.ecommerce.test.normalbrowsertesting.teardown(normalbrowsertesting.java:18)
at com.ecommerce.test.normalbrowsertesting.teardown(normalbrowsertesting.java:18)
at com.ecommerce.test.normalbrowsertesting.teardown(normalbrowsertesting.java:18)
at com.ecommerce.test.normalbrowsertesting.teardown(normalbrowsertesting.java:18)
at com.ecommerce.test.normalbrowsertesting.teardown(normalbrowsertesting.java:18)
at com.ecommerce.test.normalbrowsertesting.teardown(normalbrowsertesting.java:18)
at com.ecommerce.test.normalbrowsertesting.teardown(normalbrowsertesting.java:18)
at com.ecommerce.test.normalbrowsertesting.teardown(normalbrowsertesting.java:18)
at com.ecommerce.test.normalbrowsertesting.teardown(normalbrowsertesting.java:18)
at com.ecommerce.test.normalbrowsertesting.teardown(normalbrowsertesting.java:18)
at com.ecommerce.test.normalbrowsertesting.teardown(normalbrowsertesting.java:18)
at com.ecommerce.test.normalbrowsertesting.teardown(normalbrowsertesting.java:18)
at com.ecommerce.test.normalbrowsertesting.teardown(normalbrowsertesting.java:18)
at com.ecommerce.test.normalbrowsertesting.teardown(normalbrowsertesting.java:18)
at com.ecommerce.test.normalbrowsertesting.teardown(normalbrowsertesting.java:18)
at com.ecommerce.test.normalbrowsertesting.teardown(normalbrowsertesting.java:18)
at com.ecommerce.test.normalbrowsertesting.teardown(normalbrowsertesting.java:18)
at com.ecommerce.test.normalbrowsertesting.teardown(normalbrowsertesting.java:18)
at com.ecommerce.test.normalbrowsertesting.teardown(normalbrowsertesting.java:18)
at com.ecommerce.test.normalbrowsertesting.teardown(normalbrowsertesting.java:18)
at com.ecommerce.test.normalbrowsertesting.teardown(normalbrowsertesting.java:18)
at com.ecommerce.test.normalbrowsertesting.teardown(normalbrowsertesting.java:18)
at com.ecommerce.test.normalbrowsertesting.teardown(normalbrowsertesting.java:18)
at com.ecommerce.test.normalbrowsertesting.teardown(normalbrowsertesting.java:18)
at com.ecommerce.test.normalbrowsertesting.teardown(normalbrowsertesting.java:18)
at com.ecommerce.test.normalbrowsertesting.teardown(normalbrowsertesting.java:18)
at com.ecommerce.test.normalbrowsertesting.teardown(normalbrowsertesting.java:18)
at com.ecommerce.test.normalbrowsertesting.teardown(normalbrowsertesting.java:18)
at com.ecommerce.test.normalbrowsertesting.teardown(normalbrowsertesting.java:18)
at com.ecommerce.test.normalbrowsertesting.teardown(normalbrowsertesting.java:18)
at com.ecommerce.test.normalbrowsertesting.teardown(normalbrowsertesting.java:18)
at com.ecommerce.test.normalbrowsertesting.teardown(normalbrowsertesting.java:18)
at com.ecommerce.test.normalbrowsertesting.teardown(normalbrowsertesting.java:18)
at com.ecommerce.test.normalbrowsertesting.teardown(normalbrowsertesting.java:18)
at com.ecommerce.test.normalbrowsertesting.teardown(normalbrowsertesting.java:18)
at com.ecommerce.test.normalbrowsertesting.teardown(normalbrowsertesting.java:18)
at com.ecommerce.test.normalbrowsertesting.teardown(normalbrowsertesting.java:18)
at com.ecommerce.test.normalbrowsertesting.teardown(normalbrowsertesting.java:18)
at com.ecommerce.test.normalbrowsertesting.teardown(normalbrowsertesting.java:18)
at com.ecommerce.test.normalbrowsertesting.teardown(normalbrowsertesting.java:18)
at com.ecommerce.test.normalbrowsertesting.teardown(normalbrowsertesting.java:18)
at com.ecommerce.test.normalbrowsertesting.teardown(normalbrowsertesting.java:18)
at com.ecommerce.test.normalbrowsertesting.teardown(normalbrowsertesting.java:18)
at com.ecommerce.test.normalbrowsertesting.teardown(normalbrowsertesting.java:18)
at com.ecommerce.test.normalbrowsertesting.teardown(normalbrowsertesting.java:18)
at com.ecommerce.test.normalbrowsertesting.teardown(normalbrowsertesting.java:18)
at com.ecommerce.test.normalbrowsertesting.teardown(normalbrowsertesting.java:18)
at com.ecommerce.test.normalbrowsertesting.teardown(normalbrowsertesting.java:18)
at com.ecommerce.test.normalbrowsertesting.teardown(normalbrowsertesting.java:18)
at com.ecommerce.test.normalbrowsertesting.teardown(normalbrowsertesting.java:18)
at com.ecommerce.test.normalbrowsertesting.teardown(normalbrowsertesting.java:18)
at com.ecommerce.test.normalbrowsertesting.teardown(normalbrowsertesting.java:18)
at com.ecommerce.test.normalbrowsertesting.teardown(normalbrowsertesting.java:18)
at com.ecommerce.test.normalbrowsertesting.teardown(normalbrowsertesting.java:18)
at com.ecommerce.test.normalbrowsertesting.teardown(normalbrowsertesting.java:18)
at com.ecommerce.test.normalbrowsertesting.teardown(normalbrowsertesting.java:18)
at com.ecommerce.test.normalbrowsertesting.teardown(normalbrowsertesting.java:18)
at com.ecommerce.test.normalbrowsertesting.teardown(normalbrowsertesting.java:18)
at com.ecommerce.test.normalbrowsertesting.teardown(normalbrowsertesting.java:18)
at com.ecommerce.test.normalbrowsertesting.teardown(normalbrowsertesting.java:18)
at com.ecommerce.test.normalbrowsertesting.teardown(normalbrowsertesting.java:18)
at com.ecommerce.test.normalbrowsertesting.teardown(normalbrowsertesting.java:18)
at com.ecommerce.test.normalbrowsertesting.teardown(normalbrowsertesting.java:18)
at com.ecommerce.test.normalbrowsertesting.teardown(normalbrowsertesting.java:18)
at com.ecommerce.test.normalbrowsertesting.teardown(normalbrowsertesting.java:18)
at com.ecommerce.test.normalbrowsertesting.teardown(normalbrowsertesting.java:18)
at com.ecommerce.test.normalbrowsertesting.teardown(normalbrowsertesting.java:18)
at com.ecommerce.test.normalbrowsertesting.teardown(normalbrowsertesting.java:18)
at com.ecommerce.test.normalbrowsertesting.teardown(normalbrowsertesting.java:18)
at com.ecommerce.test.normalbrowsertesting.teardown(normalbrowsertesting.java:18)
at com.ecommerce.test.normalbrowsertesting.teardown(normalbrowsertesting.java:18)
at com.ecommerce.test.normalbrowsertesting.teardown(normalbrowsertesting.java:18)
at com.ecommerce.test.normalbrowsertesting.teardown(normalbrowsertesting.java:18)
at com.ecommerce.test.normalbrowsertesting.teardown(normalbrowsertesting.java:18)
at com.ecommerce.test.normalbrowsertesting.teardown(normalbrowsertesting.java:18)
at com.ecommerce.test.normalbrowsertesting.teardown(normalbrowsertesting.java:18)
at com.ecommerce.test.normalbrowsertesting.teardown(normalbrowsertesting.java:18)
at com.ecommerce.test.normalbrowsertesting.teardown(normalbrowsertesting.java:18)
at com.ecommerce.test.normalbrowsertesting.teardown(normalbrowsertesting.java:18)
at com.ecommerce.test.normalbrowsertesting.teardown(normalbrowsertesting.java:18)
at com.ecommerce.test.normalbrowsertesting.teardown(normalbrowsertesting.java:18)
at com.ecommerce.test.normalbrowsertesting.teardown(normalbrowsertesting.java:18)
at com.ecommerce.test.normalbrowsertesting.teardown(normalbrowsertesting.java:18)
at com.ecommerce.test.normalbrowsertesting.teardown(normalbrowsertesting.java:18)
at com.ecommerce.test.normalbrowsertesting.teardown(normalbrowsertesting.java:18)
at com.ecommerce.test.normalbrowsertesting.teardown(normalbrowsertesting.java:18)
at com.ecommerce.test.normalbrowsertesting.teardown(normalbrowsertesting.java:18)
at com.ecommerce.test.normalbrowsertesting.teardown(normalbrowsertesting.java:18)
at com.ecommerce.test.normalbrowsertesting.teardown(normalbrowsertesting.java:18)
at com.ecommerce.test.normalbrowsertesting.teardown(normalbrowsertesting.java:18)
at com.ecommerce.test.normalbrowsertesting.teardown(normalbrowsertesting.java:18)
at com.ecommerce.test.normalbrowsertesting.teardown(normalbrowsertesting.java:18)
at com.ecommerce.test.normalbrowsertesting.teardown(normalbrowsertesting.java:18)
at com.ecommerce.test.normalbrowsertesting.teardown(normalbrowsertesting.java:18)
at com.ecommerce.test.normalbrowsertesting.teardown(normalbrowsertesting.java:18)
at com.ecommerce.test.normalbrowsertesting.teardown(normalbrowsertesting.java:18)
at com.ecommerce.test.normalbrowsertesting.teardown(normalbrowsertesting.java:18)
at com.ecommerce.test.normalbrowsertesting.teardown(normalbrowsertesting.java:18)
at com.ecommerce.test.normalbrowsertesting.teardown(normalbrowsertesting.java:18)
at com.ecommerce.test.normalbrowsertesting.teardown(normalbrowsertesting.java:18)
at com.ecommerce.test.normalbrowsertesting.teardown(normalbrowsertesting.java:18)
at com.ecommerce.test.normalbrowsertesting.teardown(normalbrowsertesting.java:18)
at com.ecommerce.test.normalbrowsertesting.teardown(normalbrowsertesting.java:18)
at com.ecommerce.test.normalbrowsertesting.teardown(normalbrowsertesting.java:18)
at com.ecommerce.test.normalbrowsertesting.teardown(normalbrowsertesting.java:18)
at com.ecommerce.test.normalbrowsertesting.teardown(normalbrowsertesting.java:18)
at com.ecommerce.test.normalbrowsertesting.teardown(normalbrowsertesting.java:18)
at com.ecommerce.test.normalbrowsertesting.teardown(normalbrowsertesting.java:18)
at com.ecommerce.test.normalbrowsertesting.teardown(normalbrowsertesting.java:18)
at com.ecommerce.test.normalbrowsertesting.teardown(normalbrowsertesting.java:18)
at com.ecommerce.test.normalbrowsertesting.teardown(normalbrowsertesting.java:18)
at com.ecommerce.test.normalbrowsertesting.teardown(normalbrowsertesting.java:18)
at com.ecommerce.test.normalbrowsertesting.teardown(normalbrowsertesting.java:18)
at com.ecommerce.test.normalbrowsertesting.teardown(normalbrowsertesting.java:18)
at com.ecommerce.test.normalbrowsertesting.teardown(normalbrowsertesting.java:18)
at com.ecommerce.test.normalbrowsertesting.teardown(normalbrowsertesting.java:18)
at com.ecommerce.test.normalbrowsertesting.teardown(normalbrowsertesting.java:18)
at com.ecommerce.test.normalbrowsertesting.teardown(normalbrowsertesting.java:18)
at com.ecommerce.test.normalbrowsertesting.teardown(normalbrowsertesting.java:18)
at com.ecommerce.test.normalbrowsertesting.teardown(normalbrowsertesting.java:18)
at com.ecommerce.test.normalbrowsertesting.teardown(normalbrowsertesting.java:18)
at com.ecommerce.test.normalbrowsertesting.teardown(normalbrowsertesting.java:18)
at com.ecommerce.test.normalbrowsertesting.teardown(normalbrowsertesting.java:18)
at com.ecommerce.test.normalbrowsertesting.teardown(normalbrowsertesting.java:18)
at com.ecommerce.test.normalbrowsertesting.teardown(normalbrowsertesting.java:18)
at com.ecommerce.test.normalbrowsertesting.teardown(normalbrowsertesting.java:18)
at com.ecommerce.test.normalbrowsertesting.teardown(normalbrowsertesting.java:18)
at com.ecommerce.test.normalbrowsertesting.teardown(normalbrowsertesting.java:18)
at com.ecommerce.test.normalbrowsertesting.teardown(normalbrowsertesting.java:18)
at com.ecommerce.test.normalbrowsertesting.teardown(normalbrowsertesting.java:18)
at com.ecommerce.test.normalbrowsertesting.teardown(normalbrowsertesting.java:18)
at com.ecommerce.test.normalbrowsertesting.teardown(normalbrowsertesting.java:18)
at com.ecommerce.test.normalbrowsertesting.teardown(normalbrowsertesting.java:18)
at com.ecommerce.test.normalbrowsertesting.teardown(normalbrowsertesting.java:18)
at com.ecommerce.test.normalbrowsertesting.teardown(normalbrowsertesting.java:18)
at com.ecommerce.test.normalbrowsertesting.teardown(normalbrowsertesting.java:18)
at com.ecommerce.test.normalbrowsertesting.teardown(normalbrowsertesting.java:18)
at com.ecommerce.test.normalbrowsertesting.teardown(normalbrowsertesting.java:18)
at com.ecommerce.test.normalbrowsertesting.teardown(normalbrowsertesting.java:18)
at com.ecommerce.test.normalbrowsertesting.teardown(normalbrowsertesting.java:18)
at com.ecommerce.test.normalbrowsertesting.teardown(normalbrowsertesting.java:18)
at com.ecommerce.test.normalbrowsertesting.teardown(normalbrowsertesting.java:18)
at com.ecommerce.test.normalbrowsertesting.teardown(normalbrowsertesting.java:18)
at com.ecommerce.test.normalbrowsertesting.teardown(normalbrowsertesting.java:18)
at com.ecommerce.test.normalbrowsertesting.teardown(normalbrowsertesting.java:18)
at com.ecommerce.test.normalbrowsertesting.teardown(normalbrowsertesting.java:18)
at com.ecommerce.test.normalbrowsertesting.teardown(normalbrowsertesting.java:18)
at com.ecommerce.test.normalbrowsertesting.teardown(normalbrowsertesting.java:18)
at com.ecommerce.test.normalbrowsertesting.teardown(normalbrowsertesting.java:18)
at com.ecommerce.test.normalbrowsertesting.teardown(normalbrowsertesting.java:18)
at com.ecommerce.test.normalbrowsertesting.teardown(normalbrowsertesting.java:18)
at com.ecommerce.test.normalbrowsertesting.teardown(normalbrowsertesting.java:18)
at com.ecommerce.test.normalbrowsertesting.teardown(normalbrowsertesting.java:18)
at com.ecommerce.test.normalbrowsertesting.teardown(normalbrowsertesting.java:18)
at com.ecommerce.test.normalbrowsertesting.teardown(normalbrowsertesting.java:18)
at com.ecommerce.test.normalbrowsertesting.teardown(normalbrowsertesting.java:18)
at com.ecommerce.test.normalbrowsertesting.teardown(normalbrowsertesting.java:18)
at com.ecommerce.test.normalbrowsertesting.teardown(normalbrowsertesting.java:18)
at com.ecommerce.test.normalbrowsertesting.teardown(normalbrowsertesting.java:18)
at com.ecommerce.test.normalbrowsertesting.teardown(normalbrowsertesting.java:18)
at com.ecommerce.test.normalbrowsertesting.teardown(normalbrowsertesting.java:18)
at com.ecommerce.test.normalbrowsertesting.teardown(normalbrowsertesting.java:18)
at com.ecommerce.test.normalbrowsertesting.teardown(normalbrowsertesting.java:18)
at com.ecommerce.test.normalbrowsertesting.teardown(normalbrowsertesting.java:18)
at com.ecommerce.test.normalbrowsertesting.teardown(normalbrowsertesting.java:18)
at com.ecommerce.test.normalbrowsertesting.teardown(normalbrowsertesting.java:18)
at com.ecommerce.test.normalbrowsertesting.teardown(normalbrowsertesting.java:18)
at com.ecommerce.test.normalbrowsertesting.teardown(normalbrowsertesting.java:18)
at com.ecommerce.test.normalbrowsertesting.teardown(normalbrowsertesting.java:18)
at com.ecommerce.test.normalbrowsertesting.teardown(normalbrowsertesting.java:18)
at com.ecommerce.test.normalbrowsertesting.teardown(normalbrowsertesting.java:18)
at com.ecommerce.test.normalbrowsertesting.teardown(normalbrowsertesting.java:18)
at com.ecommerce.test.normalbrowsertesting.teardown(normalbrowsertesting.java:18)
at com.ecommerce.test.normalbrowsertesting.teardown(normalbrowsertesting.java:18)
at com.ecommerce.test.normalbrowsertesting.teardown(normalbrowsertesting.java:18)
at com.ecommerce.test.normalbrowsertesting.teardown(normalbrowsertesting.java:18)
at com.ecommerce.test.normalbrowsertesting.teardown(normalbrowsertesting.java:18)
at com.ecommerce.test.normalbrowsertesting.teardown(normalbrowsertesting.java:18)
at com.ecommerce.test.normalbrowsertesting.teardown(normalbrowsertesting.java:18)
at com.ecommerce.test.normalbrowsertesting.teardown(normalbrowsertesting.java:18)
at com.ecommerce.test.normalbrowsertesting.teardown(normalbrowsertesting.java:18)
at com.ecommerce.test.normalbrowsertesting.teardown(normalbrowsertesting.java:18)
at com.ecommerce.test.normalbrowsertesting.teardown(normalbrowsertesting.java:18)
at com.ecommerce.test.normalbrowsertesting.teardown(normalbrowsertesting.java:18)
at com.ecommerce.test.normalbrowsertesting.teardown(normalbrowsertesting.java:18)
at com.ecommerce.test.normalbrowsertesting.teardown(normalbrowsertesting.java:18)
at com.ecommerce.test.normalbrowsertesting.teardown(normalbrowsertesting.java:18)
at com.ecommerce.test.normalbrowsertesting.teardown(normalbrowsertesting.java:18)
at com.ecommerce.test.normalbrowsertesting.teardown(normalbrowsertesting.java:18)
at com.ecommerce.test.normalbrowsertesting.teardown(normalbrowsertesting.java:18)
at com.ecommerce.test.normalbrowsertesting.teardown(normalbrowsertesting.java:18)
at com.ecommerce.test.normalbrowsertesting.teardown(normalbrowsertesting.java:18)
at com.ecommerce.test.normalbrowsertesting.teardown(normalbrowsertesting.java:18)
at com.ecommerce.test.normalbrowsertesting.teardown(normalbrowsertesting.java:18)
at com.ecommerce.test.normalbrowsertesting.teardown(normalbrowsertesting.java:18)
at com.ecommerce.test.normalbrowsertesting.teardown(normalbrowsertesting.java:18)
at com.ecommerce.test.normalbrowsertesting.teardown(normalbrowsertesting.java:18)
at com.ecommerce.test.normalbrowsertesting.teardown(normalbrowsertesting.java:18)
at com.ecommerce.test.normalbrowsertesting.teardown(normalbrowsertesting.java:18)
at com.ecommerce.test.normalbrowsertesting.teardown(normalbrowsertesting.java:18)
at com.ecommerce.test.normalbrowsertesting.teardown(normalbrowsertesting.java:18)
at com.ecommerce.test.normalbrowsertesting.teardown(normalbrowsertesting.java:18)
at com.ecommerce.test.normalbrowsertesting.teardown(normalbrowsertesting.java:18)
at com.ecommerce.test.normalbrowsertesting.teardown(normalbrowsertesting.java:18)
at com.ecommerce.test.normalbrowsertesting.teardown(normalbrowsertesting.java:18)
at com.ecommerce.test.normalbrowsertesting.teardown(normalbrowsertesting.java:18)
at com.ecommerce.test.normalbrowsertesting.teardown(normalbrowsertesting.java:18)
at com.ecommerce.test.normalbrowsertesting.teardown(normalbrowsertesting.java:18)
at com.ecommerce.test.normalbrowsertesting.teardown(normalbrowsertesting.java:18)
at com.ecommerce.test.normalbrowsertesting.teardown(normalbrowsertesting.java:18)
at com.ecommerce.test.normalbrowsertesting.teardown(normalbrowsertesting.java:18)
at com.ecommerce.test.normalbrowsertesting.teardown(normalbrowsertesting.java:18)
at com.ecommerce.test.normalbrowsertesting.teardown(normalbrowsertesting.java:18)
at com.ecommerce.test.normalbrowsertesting.teardown(normalbrowsertesting.java:18)
at com.ecommerce.test.normalbrowsertesting.teardown(normalbrowsertesting.java:18)
at com.ecommerce.test.normalbrowsertesting.teardown(normalbrowsertesting.java:18)
at com.ecommerce.test.normalbrowsertesting.teardown(normalbrowsertesting.java:18)
at com.ecommerce.test.normalbrowsertesting.teardown(normalbrowsertesting.java:18)
at com.ecommerce.test.normalbrowsertesting.teardown(normalbrowsertesting.java:18)
at com.ecommerce.test.normalbrowsertesting.teardown(normalbrowsertesting.java:18)
at com.ecommerce.test.normalbrowsertesting.teardown(normalbrowsertesting.java:18)
at com.ecommerce.test.normalbrowsertesting.teardown(normalbrowsertesting.java:18)
at com.ecommerce.test.normalbrowsertesting.teardown(normalbrowsertesting.java:18)
at com.ecommerce.test.normalbrowsertesting.teardown(normalbrowsertesting.java:18)
at com.ecommerce.test.normalbrowsertesting.teardown(normalbrowsertesting.java:18)
at com.ecommerce.test.normalbrowsertesting.teardown(normalbrowsertesting.java:18)
at com.ecommerce.test.normalbrowsertesting.teardown(normalbrowsertesting.java:18)
at com.ecommerce.test.normalbrowsertesting.teardown(normalbrowsertesting.java:18)
at com.ecommerce.test.normalbrowsertesting.teardown(normalbrowsertesting.java:18)
at com.ecommerce.test.normalbrowsertesting.teardown(normalbrowsertesting.java:18)
at com.ecommerce.test.normalbrowsertesting.teardown(normalbrowsertesting.java:18)
at com.ecommerce.test.normalbrowsertesting.teardown(normalbrowsertesting.java:18)
at com.ecommerce.test.normalbrowsertesting.teardown(normalbrowsertesting.java:18)
at com.ecommerce.test.normalbrowsertesting.teardown(normalbrowsertesting.java:18)
at com.ecommerce.test.normalbrowsertesting.teardown(normalbrowsertesting.java:18)
at com.ecommerce.test.normalbrowsertesting.teardown(normalbrowsertesting.java:18)
at com.ecommerce.test.normalbrowsertesting.teardown(normalbrowsertesting.java:18)
at com.ecommerce.test.normalbrowsertesting.teardown(normalbrowsertesting.java:18)
at com.ecommerce.test.normalbrowsertesting.teardown(normalbrowsertesting.java:18)
at com.ecommerce.test.normalbrowsertesting.teardown(normalbrowsertesting.java:18)
at com.ecommerce.test.normalbrowsertesting.teardown(normalbrowsertesting.java:18)
at com.ecommerce.test.normalbrowsertesting.teardown(normalbrowsertesting.java:18)
at com.ecommerce.test.normalbrowsertesting.teardown(normalbrowsertesting.java:18)
at com.ecommerce.test.normalbrowsertesting.teardown(normalbrowsertesting.java:18)
at com.ecommerce.test.normalbrowsertesting.teardown(normalbrowsertesting.java:18)
at com.ecommerce.test.normalbrowsertesting.teardown(normalbrowsertesting.java:18)
at com.ecommerce.test.normalbrowsertesting.teardown(normalbrowsertesting.java:18)
at com.ecommerce.test.normalbrowsertesting.teardown(normalbrowsertesting.java:18)
at com.ecommerce.test.normalbrowsertesting.teardown(normalbrowsertesting.java:18)
at com.ecommerce.test.normalbrowsertesting.teardown(normalbrowsertesting.java:18)
at com.ecommerce.test.normalbrowsertesting.teardown(normalbrowsertesting.java:18)
at com.ecommerce.test.normalbrowsertesting.teardown(normalbrowsertesting.java:18)
at com.ecommerce.test.normalbrowsertesting.teardown(normalbrowsertesting.java:18)
at com.ecommerce.test.normalbrowsertesting.teardown(normalbrowsertesting.java:18)
at com.ecommerce.test.normalbrowsertesting.teardown(normalbrowsertesting.java:18)
at com.ecommerce.test.normalbrowsertesting.teardown(normalbrowsertesting.java:18)
at com.ecommerce.test.normalbrowsertesting.teardown(normalbrowsertesting.java:18)
at com.ecommerce.test.normalbrowsertesting.teardown(normalbrowsertesting.java:18)
at com.ecommerce.test.normalbrowsertesting.teardown(normalbrowsertesting.java:18)
at com.ecommerce.test.normalbrowsertesting.teardown(normalbrowsertesting.java:18)
at com.ecommerce.test.normalbrowsertesting.teardown(normalbrowsertesting.java:18)
at com.ecommerce.test.normalbrowsertesting.teardown(normalbrowsertesting.java:18)
at com.ecommerce.test.normalbrowsertesting.teardown(normalbrowsertesting.java:18)
at com.ecommerce.test.normalbrowsertesting.teardown(normalbrowsertesting.java:18)
at com.ecommerce.test.normalbrowsertesting.teardown(normalbrowsertesting.java:18)
at com.ecommerce.test.normalbrowsertesting.teardown(normalbrowsertesting.java:18)
at com.ecommerce.test.normalbrowsertesting.teardown(normalbrowsertesting.java:18)
at com.ecommerce.test.normalbrowsertesting.teardown(normalbrowsertesting.java:18)
at com.ecommerce.test.normalbrowsertesting.teardown(normalbrowsertesting.java:18)
at com.ecommerce.test.normalbrowsertesting.teardown(normalbrowsertesting.java:18)
at com.ecommerce.test.normalbrowsertesting.teardown(normalbrowsertesting.java:18)
at com.ecommerce.test.normalbrowsertesting.teardown(normalbrowsertesting.java:18)
at com.ecommerce.test.normalbrowsertesting.teardown(normalbrowsertesting.java:18)
at com.ecommerce.test.normalbrowsertesting.teardown(normalbrowsertesting.java:18)
at com.ecommerce.test.normalbrowsertesting.teardown(normalbrowsertesting.java:18)
at com.ecommerce.test.normalbrowsertesting.teardown(normalbrowsertesting.java:18)
at com.ecommerce.test.normalbrowsertesting.teardown(normalbrowsertesting.java:18)
at com.ecommerce.test.normalbrowsertesting.teardown(normalbrowsertesting.java:18)
at com.ecommerce.test.normalbrowsertesting.teardown(normalbrowsertesting.java:18)
at com.ecommerce.test.normalbrowsertesting.teardown(normalbrowsertesting.java:18)
at com.ecommerce.test.normalbrowsertesting.teardown(normalbrowsertesting.java:18)
at com.ecommerce.test.normalbrowsertesting.teardown(normalbrowsertesting.java:18)
at com.ecommerce.test.normalbrowsertesting.teardown(normalbrowsertesting.java:18)
at com.ecommerce.test.normalbrowsertesting.teardown(normalbrowsertesting.java:18)
at com.ecommerce.test.normalbrowsertesting.teardown(normalbrowsertesting.java:18)
at com.ecommerce.test.normalbrowsertesting.teardown(normalbrowsertesting.java:18)
at com.ecommerce.test.normalbrowsertesting.teardown(normalbrowsertesting.java:18)
at com.ecommerce.test.normalbrowsertesting.teardown(normalbrowsertesting.java:18)
at com.ecommerce.test.normalbrowsertesting.teardown(normalbrowsertesting.java:18)
at com.ecommerce.test.normalbrowsertesting.teardown(normalbrowsertesting.java:18)
at com.ecommerce.test.normalbrowsertesting.teardown(normalbrowsertesting.java:18)
at com.ecommerce.test.normalbrowsertesting.teardown(normalbrowsertesting.java:18)
at com.ecommerce.test.normalbrowsertesting.teardown(normalbrowsertesting.java:18)
at com.ecommerce.test.normalbrowsertesting.teardown(normalbrowsertesting.java:18)
at com.ecommerce.test.normalbrowsertesting.teardown(normalbrowsertesting.java:18)
at com.ecommerce.test.normalbrowsertesting.teardown(normalbrowsertesting.java:18)
at com.ecommerce.test.normalbrowsertesting.teardown(normalbrowsertesting.java:18)
at com.ecommerce.test.normalbrowsertesting.teardown(normalbrowsertesting.java:18)
at com.ecommerce.test.normalbrowsertesting.teardown(normalbrowsertesting.java:18)
at com.ecommerce.test.normalbrowsertesting.teardown(normalbrowsertesting.java:18)
at com.ecommerce.test.normalbrowsertesting.teardown(normalbrowsertesting.java:18)
at com.ecommerce.test.normalbrowsertesting.teardown(normalbrowsertesting.java:18)
at com.ecommerce.test.normalbrowsertesting.teardown(normalbrowsertesting.java:18)
at com.ecommerce.test.normalbrowsertesting.teardown(normalbrowsertesting.java:18)
at com.ecommerce.test.normalbrowsertesting.teardown(normalbrowsertesting.java:18)
at com.ecommerce.test.normalbrowsertesting.teardown(normalbrowsertesting.java:18)
at com.ecommerce.test.normalbrowsertesting.teardown(normalbrowsertesting.java:18)
at com.ecommerce.test.normalbrowsertesting.teardown(normalbrowsertesting.java:18)
at com.ecommerce.test.normalbrowsertesting.teardown(normalbrowsertesting.java:18)
at com.ecommerce.test.normalbrowsertesting.teardown(normalbrowsertesting.java:18)
at com.ecommerce.test.normalbrowsertesting.teardown(normalbrowsertesting.java:18)
at com.ecommerce.test.normalbrowsertesting.teardown(normalbrowsertesting.java:18)
at com.ecommerce.test.normalbrowsertesting.teardown(normalbrowsertesting.java:18)
at com.ecommerce.test.normalbrowsertesting.teardown(normalbrowsertesting.java:18)
at com.ecommerce.test.normalbrowsertesting.teardown(normalbrowsertesting.java:18)
at com.ecommerce.test.normalbrowsertesting.teardown(normalbrowsertesting.java:18)
at com.ecommerce.test.normalbrowsertesting.teardown(normalbrowsertesting.java:18)
at com.ecommerce.test.normalbrowsertesting.teardown(normalbrowsertesting.java:18)
at com.ecommerce.test.normalbrowsertesting.teardown(normalbrowsertesting.java:18)
at com.ecommerce.test.normalbrowsertesting.teardown(normalbrowsertesting.java:18)
at com.ecommerce.test.normalbrowsertesting.teardown(normalbrowsertesting.java:18)
at com.ecommerce.test.normalbrowsertesting.teardown(normalbrowsertesting.java:18)
at com.ecommerce.test.normalbrowsertesting.teardown(normalbrowsertesting.java:18)
at com.ecommerce.test.normalbrowsertesting.teardown(normalbrowsertesting.java:18)
at com.ecommerce.test.normalbrowsertesting.teardown(normalbrowsertesting.java:18)
at com.ecommerce.test.normalbrowsertesting.teardown(normalbrowsertesting.java:18)
at com.ecommerce.test.normalbrowsertesting.teardown(normalbrowsertesting.java:18)
at com.ecommerce.test.normalbrowsertesting.teardown(normalbrowsertesting.java:18)
at com.ecommerce.test.normalbrowsertesting.teardown(normalbrowsertesting.java:18)
at com.ecommerce.test.normalbrowsertesting.teardown(normalbrowsertesting.java:18)
at com.ecommerce.test.normalbrowsertesting.teardown(normalbrowsertesting.java:18)
at com.ecommerce.test.normalbrowsertesting.teardown(normalbrowsertesting.java:18)
at com.ecommerce.test.normalbrowsertesting.teardown(normalbrowsertesting.java:18)
at com.ecommerce.test.normalbrowsertesting.teardown(normalbrowsertesting.java:18)
at com.ecommerce.test.normalbrowsertesting.teardown(normalbrowsertesting.java:18)
at com.ecommerce.test.normalbrowsertesting.teardown(normalbrowsertesting.java:18)
at com.ecommerce.test.normalbrowsertesting.teardown(normalbrowsertesting.java:18)
at com.ecommerce.test.normalbrowsertesting.teardown(normalbrowsertesting.java:18)
at com.ecommerce.test.normalbrowsertesting.teardown(normalbrowsertesting.java:18)
at com.ecommerce.test.normalbrowsertesting.teardown(normalbrowsertesting.java:18)
at com.ecommerce.test.normalbrowsertesting.teardown(normalbrowsertesting.java:18)
at com.ecommerce.test.normalbrowsertesting.teardown(normalbrowsertesting.java:18)
at com.ecommerce.test.normalbrowsertesting.teardown(normalbrowsertesting.java:18)
at com.ecommerce.test.normalbrowsertesting.teardown(normalbrowsertesting.java:18)
at com.ecommerce.test.normalbrowsertesting.teardown(normalbrowsertesting.java:18)
at com.ecommerce.test.normalbrowsertesting.teardown(normalbrowsertesting.java:18)
at com.ecommerce.test.normalbrowsertesting.teardown(normalbrowsertesting.java:18)
at com.ecommerce.test.normalbrowsertesting.teardown(normalbrowsertesting.java:18)
at com.ecommerce.test.normalbrowsertesting.teardown(normalbrowsertesting.java:18)
at com.ecommerce.test.normalbrowsertesting.teardown(normalbrowsertesting.java:18)
at com.ecommerce.test.normalbrowsertesting.teardown(normalbrowsertesting.java:18)
at com.ecommerce.test.normalbrowsertesting.teardown(normalbrowsertesting.java:18)
at com.ecommerce.test.normalbrowsertesting.teardown(normalbrowsertesting.java:18)
at com.ecommerce.test.normalbrowsertesting.teardown(normalbrowsertesting.java:18)
at com.ecommerce.test.normalbrowsertesting.teardown(normalbrowsertesting.java:18)
at com.ecommerce.test.normalbrowsertesting.teardown(normalbrowsertesting.java:18)
at com.ecommerce.test.normalbrowsertesting.teardown(normalbrowsertesting.java:18)
at com.ecommerce.test.normalbrowsertesting.teardown(normalbrowsertesting.java:18)
at com.ecommerce.test.normalbrowsertesting.teardown(normalbrowsertesting.java:18)
at com.ecommerce.test.normalbrowsertesting.teardown(normalbrowsertesting.java:18)
at com.ecommerce.test.normalbrowsertesting.teardown(normalbrowsertesting.java:18)
at com.ecommerce.test.normalbrowsertesting.teardown(normalbrowsertesting.java:18)
at com.ecommerce.test.normalbrowsertesting.teardown(normalbrowsertesting.java:18)
at com.ecommerce.test.normalbrowsertesting.teardown(normalbrowsertesting.java:18)
at com.ecommerce.test.normalbrowsertesting.teardown(normalbrowsertesting.java:18)
at com.ecommerce.test.normalbrowsertesting.teardown(normalbrowsertesting.java:18)
at com.ecommerce.test.normalbrowsertesting.teardown(normalbrowsertesting.java:18)
at com.ecommerce.test.normalbrowsertesting.teardown(normalbrowsertesting.java:18)
at com.ecommerce.test.normalbrowsertesting.teardown(normalbrowsertesting.java:18)
at com.ecommerce.test.normalbrowsertesting.teardown(normalbrowsertesting.java:18)
at com.ecommerce.test.normalbrowsertesting.teardown(normalbrowsertesting.java:18)
at com.ecommerce.test.normalbrowsertesting.teardown(normalbrowsertesting.java:18)
at com.ecommerce.test.normalbrowsertesting.teardown(normalbrowsertesting.java:18)
at com.ecommerce.test.normalbrowsertesting.teardown(normalbrowsertesting.java:18)
at com.ecommerce.test.normalbrowsertesting.teardown(normalbrowsertesting.java:18)
at com.ecommerce.test.normalbrowsertesting.teardown(normalbrowsertesting.java:18)
at com.ecommerce.test.normalbrowsertesting.teardown(normalbrowsertesting.java:18)
at com.ecommerce.test.normalbrowsertesting.teardown(normalbrowsertesting.java:18)
at com.ecommerce.test.normalbrowsertesting.teardown(normalbrowsertesting.java:18)
at com.ecommerce.test.normalbrowsertesting.teardown(normalbrowsertesting.java:18)
at com.ecommerce.test.normalbrowsertesting.teardown(normalbrowsertesting.java:18)
at com.ecommerce.test.normalbrowsertesting.teardown(normalbrowsertesting.java:18)
at com.ecommerce.test.normalbrowsertesting.teardown(normalbrowsertesting.java:18)
at com.ecommerce.test.normalbrowsertesting.teardown(normalbrowsertesting.java:18)
at com.ecommerce.test.normalbrowsertesting.teardown(normalbrowsertesting.java:18)
at com.ecommerce.test.normalbrowsertesting.teardown(normalbrowsertesting.java:18)
at com.ecommerce.test.normalbrowsertesting.teardown(normalbrowsertesting.java:18)
at com.ecommerce.test.normalbrowsertesting.teardown(normalbrowsertesting.java:18)
at com.ecommerce.test.normalbrowsertesting.teardown(normalbrowsertesting.java:18)
at com.ecommerce.test.normalbrowsertesting.teardown(normalbrowsertesting.java:18)
at com.ecommerce.test.normalbrowsertesting.teardown(normalbrowsertesting.java:18)
at com.ecommerce.test.normalbrowsertesting.teardown(normalbrowsertesting.java:18)
at com.ecommerce.test.normalbrowsertesting.teardown(normalbrowsertesting.java:18)
at com.ecommerce.test.normalbrowsertesting.teardown(normalbrowsertesting.java:18)
at com.ecommerce.test.normalbrowsertesting.teardown(normalbrowsertesting.java:18)
at com.ecommerce.test.normalbrowsertesting.teardown(normalbrowsertesting.java:18)
at com.ecommerce.test.normalbrowsertesting.teardown(normalbrowsertesting.java:18)
at com.ecommerce.test.normalbrowsertesting.teardown(normalbrowsertesting.java:18)
at com.ecommerce.test.normalbrowsertesting.teardown(normalbrowsertesting.java:18)
at com.ecommerce.test.normalbrowsertesting.teardown(normalbrowsertesting.java:18)
at com.ecommerce.test.normalbrowsertesting.teardown(normalbrowsertesting.java:18)
at com.ecommerce.test.normalbrowsertesting.teardown(normalbrowsertesting.java:18)
at com.ecommerce.test.normalbrowsertesting.teardown(normalbrowsertesting.java:18)
at com.ecommerce.test.normalbrowsertesting.teardown(normalbrowsertesting.java:18)
at com.ecommerce.test.normalbrowsertesting.teardown(normalbrowsertesting.java:18)
at com.ecommerce.test.normalbrowsertesting.teardown(normalbrowsertesting.java:18)
at com.ecommerce.test.normalbrowsertesting.teardown(normalbrowsertesting.java:18)
at com.ecommerce.test.normalbrowsertesting.teardown(normalbrowsertesting.java:18)
at com.ecommerce.test.normalbrowsertesting.teardown(normalbrowsertesting.java:18)
at com.ecommerce.test.normalbrowsertesting.teardown(normalbrowsertesting.java:18)
at com.ecommerce.test.normalbrowsertesting.teardown(normalbrowsertesting.java:18)
at com.ecommerce.test.normalbrowsertesting.teardown(normalbrowsertesting.java:18)
at com.ecommerce.test.normalbrowsertesting.teardown(normalbrowsertesting.java:18)
at com.ecommerce.test.normalbrowsertesting.teardown(normalbrowsertesting.java:18)
at com.ecommerce.test.normalbrowsertesting.teardown(normalbrowsertesting.java:18)
at com.ecommerce.test.normalbrowsertesting.teardown(normalbrowsertesting.java:18)
at com.ecommerce.test.normalbrowsertesting.teardown(normalbrowsertesting.java:18)
at com.ecommerce.test.normalbrowsertesting.teardown(normalbrowsertesting.java:18)
at com.ecommerce.test.normalbrowsertesting.teardown(normalbrowsertesting.java:18)
at com.ecommerce.test.normalbrowsertesting.teardown(normalbrowsertesting.java:18)
at com.ecommerce.test.normalbrowsertesting.teardown(normalbrowsertesting.java:18)
at com.ecommerce.test.normalbrowsertesting.teardown(normalbrowsertesting.java:18)
at com.ecommerce.test.normalbrowsertesting.teardown(normalbrowsertesting.java:18)
at com.ecommerce.test.normalbrowsertesting.teardown(normalbrowsertesting.java:18)
at com.ecommerce.test.normalbrowsertesting.teardown(normalbrowsertesting.java:18)
at com.ecommerce.test.normalbrowsertesting.teardown(normalbrowsertesting.java:18)
at com.ecommerce.test.normalbrowsertesting.teardown(normalbrowsertesting.java:18)
at com.ecommerce.test.normalbrowsertesting.teardown(normalbrowsertesting.java:18)
at com.ecommerce.test.normalbrowsertesting.teardown(normalbrowsertesting.java:18)
at com.ecommerce.test.normalbrowsertesting.teardown(normalbrowsertesting.java:18)
at com.ecommerce.test.normalbrowsertesting.teardown(normalbrowsertesting.java:18)
at com.ecommerce.test.normalbrowsertesting.teardown(normalbrowsertesting.java:18)
at com.ecommerce.test.normalbrowsertesting.teardown(normalbrowsertesting.java:18)
at com.ecommerce.test.normalbrowsertesting.teardown(normalbrowsertesting.java:18)
at com.ecommerce.test.normalbrowsertesting.teardown(normalbrowsertesting.java:18)
at com.ecommerce.test.normalbrowsertesting.teardown(normalbrowsertesting.java:18)
at com.ecommerce.test.normalbrowsertesting.teardown(normalbrowsertesting.java:18)
at com.ecommerce.test.normalbrowsertesting.teardown(normalbrowsertesting.java:18)
at com.ecommerce.test.normalbrowsertesting.teardown(normalbrowsertesting.java:18)
at com.ecommerce.test.normalbrowsertesting.teardown(normalbrowsertesting.java:18)
at com.ecommerce.test.normalbrowsertesting.teardown(normalbrowsertesting.java:18)
at com.ecommerce.test.normalbrowsertesting.teardown(normalbrowsertesting.java:18)
at com.ecommerce.test.normalbrowsertesting.teardown(normalbrowsertesting.java:18)
at com.ecommerce.test.normalbrowsertesting.teardown(normalbrowsertesting.java:18)
at com.ecommerce.test.normalbrowsertesting.teardown(normalbrowsertesting.java:18)
at com.ecommerce.test.normalbrowsertesting.teardown(normalbrowsertesting.java:18)
at com.ecommerce.test.normalbrowsertesting.teardown(normalbrowsertesting.java:18)
at com.ecommerce.test.normalbrowsertesting.teardown(normalbrowsertesting.java:18)
at com.ecommerce.test.normalbrowsertesting.teardown(normalbrowsertesting.java:18)
at com.ecommerce.test.normalbrowsertesting.teardown(normalbrowsertesting.java:18)
at com.ecommerce.test.normalbrowsertesting.teardown(normalbrowsertesting.java:18)
at com.ecommerce.test.normalbrowsertesting.teardown(normalbrowsertesting.java:18)
at com.ecommerce.test.normalbrowsertesting.teardown(normalbrowsertesting.java:18)
at com.ecommerce.test.normalbrowsertesting.teardown(normalbrowsertesting.java:18)
at com.ecommerce.test.normalbrowsertesting.teardown(normalbrowsertesting.java:18)
at com.ecommerce.test.normalbrowsertesting.teardown(normalbrowsertesting.java:18)
at com.ecommerce.test.normalbrowsertesting.teardown(normalbrowsertesting.java:18)
at com.ecommerce.test.normalbrowsertesting.teardown(normalbrowsertesting.java:18)
at com.ecommerce.test.normalbrowsertesting.teardown(normalbrowsertesting.java:18)
at com.ecommerce.test.normalbrowsertesting.teardown(normalbrowsertesting.java:18)
at com.ecommerce.test.normalbrowsertesting.teardown(normalbrowsertesting.java:18)
at com.ecommerce.test.normalbrowsertesting.teardown(normalbrowsertesting.java:18)
at com.ecommerce.test.normalbrowsertesting.teardown(normalbrowsertesting.java:18)
at com.ecommerce.test.normalbrowsertesting.teardown(normalbrowsertesting.java:18)
at com.ecommerce.test.normalbrowsertesting.teardown(normalbrowsertesting.java:18)
at com.ecommerce.test.normalbrowsertesting.teardown(normalbrowsertesting.java:18)
at com.ecommerce.test.normalbrowsertesting.teardown(normalbrowsertesting.java:18)
at com.ecommerce.test.normalbrowsertesting.teardown(normalbrowsertesting.java:18)
at com.ecommerce.test.normalbrowsertesting.teardown(normalbrowsertesting.java:18)
at com.ecommerce.test.normalbrowsertesting.teardown(normalbrowsertesting.java:18)
at com.ecommerce.test.normalbrowsertesting.teardown(normalbrowsertesting.java:18)
at com.ecommerce.test.normalbrowsertesting.teardown(normalbrowsertesting.java:18)
at com.ecommerce.test.normalbrowsertesting.teardown(normalbrowsertesting.java:18)
at com.ecommerce.test.normalbrowsertesting.teardown(normalbrowsertesting.java:18)
at com.ecommerce.test.normalbrowsertesting.teardown(normalbrowsertesting.java:18)
at com.ecommerce.test.normalbrowsertesting.teardown(normalbrowsertesting.java:18)
at com.ecommerce.test.normalbrowsertesting.teardown(normalbrowsertesting.java:18)
at com.ecommerce.test.normalbrowsertesting.teardown(normalbrowsertesting.java:18)
at com.ecommerce.test.normalbrowsertesting.teardown(normalbrowsertesting.java:18)
at com.ecommerce.test.normalbrowsertesting.teardown(normalbrowsertesting.java:18)
at com.ecommerce.test.normalbrowsertesting.teardown(normalbrowsertesting.java:18)
at com.ecommerce.test.normalbrowsertesting.teardown(normalbrowsertesting.java:18)
at com.ecommerce.test.normalbrowsertesting.teardown(normalbrowsertesting.java:18)
at com.ecommerce.test.normalbrowsertesting.teardown(normalbrowsertesting.java:18)
at com.ecommerce.test.normalbrowsertesting.teardown(normalbrowsertesting.java:18)
at com.ecommerce.test.normalbrowsertesting.teardown(normalbrowsertesting.java:18)
at com.ecommerce.test.normalbrowsertesting.teardown(normalbrowsertesting.java:18)
at com.ecommerce.test.normalbrowsertesting.teardown(normalbrowsertesting.java:18)
at com.ecommerce.test.normalbrowsertesting.teardown(normalbrowsertesting.java:18)
at com.ecommerce.test.normalbrowsertesting.teardown(normalbrowsertesting.java:18)
at com.ecommerce.test.normalbrowsertesting.teardown(normalbrowsertesting.java:18)
at com.ecommerce.test.normalbrowsertesting.teardown(normalbrowsertesting.java:18)
at com.ecommerce.test.normalbrowsertesting.teardown(normalbrowsertesting.java:18)
at com.ecommerce.test.normalbrowsertesting.teardown(normalbrowsertesting.java:18)
at com.ecommerce.test.normalbrowsertesting.teardown(normalbrowsertesting.java:18)
at com.ecommerce.test.normalbrowsertesting.teardown(normalbrowsertesting.java:18)
at com.ecommerce.test.normalbrowsertesting.teardown(normalbrowsertesting.java:18)
at com.ecommerce.test.normalbrowsertesting.teardown(normalbrowsertesting.java:18)
at com.ecommerce.test.normalbrowsertesting.teardown(normalbrowsertesting.java:18)
at com.ecommerce.test.normalbrowsertesting.teardown(normalbrowsertesting.java:18)
at com.ecommerce.test.normalbrowsertesting.teardown(normalbrowsertesting.java:18)
at com.ecommerce.test.normalbrowsertesting.teardown(normalbrowsertesting.java:18)
at com.ecommerce.test.normalbrowsertesting.teardown(normalbrowsertesting.java:18)
at com.ecommerce.test.normalbrowsertesting.teardown(normalbrowsertesting.java:18)
at com.ecommerce.test.normalbrowsertesting.teardown(normalbrowsertesting.java:18)
at com.ecommerce.test.normalbrowsertesting.teardown(normalbrowsertesting.java:18)
at com.ecommerce.test.normalbrowsertesting.teardown(normalbrowsertesting.java:18)
at com.ecommerce.test.normalbrowsertesting.teardown(normalbrowsertesting.java:18)
at com.ecommerce.test.normalbrowsertesting.teardown(normalbrowsertesting.java:18)
at com.ecommerce.test.normalbrowsertesting.teardown(normalbrowsertesting.java:18)
at com.ecommerce.test.normalbrowsertesting.teardown(normalbrowsertesting.java:18)
at com.ecommerce.test.normalbrowsertesting.teardown(normalbrowsertesting.java:18)
at com.ecommerce.test.normalbrowsertesting.teardown(normalbrowsertesting.java:18)
at com.ecommerce.test.normalbrowsertesting.teardown(normalbrowsertesting.java:18)
at com.ecommerce.test.normalbrowsertesting.teardown(normalbrowsertesting.java:18)
at com.ecommerce.test.normalbrowsertesting.teardown(normalbrowsertesting.java:18)
at com.ecommerce.test.normalbrowsertesting.teardown(normalbrowsertesting.java:18)
at com.ecommerce.test.normalbrowsertesting.teardown(normalbrowsertesting.java:18)
at com.ecommerce.test.normalbrowsertesting.teardown(normalbrowsertesting.java:18)
at com.ecommerce.test.normalbrowsertesting.teardown(normalbrowsertesting.java:18)
at com.ecommerce.test.normalbrowsertesting.teardown(normalbrowsertesting.java:18)
at com.ecommerce.test.normalbrowsertesting.teardown(normalbrowsertesting.java:18)
at com.ecommerce.test.normalbrowsertesting.teardown(normalbrowsertesting.java:18)
at com.ecommerce.test.normalbrowsertesting.teardown(normalbrowsertesting.java:18)
at com.ecommerce.test.normalbrowsertesting.teardown(normalbrowsertesting.java:18)
at com.ecommerce.test.normalbrowsertesting.teardown(normalbrowsertesting.java:18)
at com.ecommerce.test.normalbrowsertesting.teardown(normalbrowsertesting.java:18)
at com.ecommerce.test.normalbrowsertesting.teardown(normalbrowsertesting.java:18)
at com.ecommerce.test.normalbrowsertesting.teardown(normalbrowsertesting.java:18)
at com.ecommerce.test.normalbrowsertesting.teardown(normalbrowsertesting.java:18)
at com.ecommerce.test.normalbrowsertesting.teardown(normalbrowsertesting.java:18)
at com.ecommerce.test.normalbrowsertesting.teardown(normalbrowsertesting.java:18)
at com.ecommerce.test.normalbrowsertesting.teardown(normalbrowsertesting.java:18)
at com.ecommerce.test.normalbrowsertesting.teardown(normalbrowsertesting.java:18)
at com.ecommerce.test.normalbrowsertesting.teardown(normalbrowsertesting.java:18)
at com.ecommerce.test.normalbrowsertesting.teardown(normalbrowsertesting.java:18)
at com.ecommerce.test.normalbrowsertesting.teardown(normalbrowsertesting.java:18)
at com.ecommerce.test.normalbrowsertesting.teardown(normalbrowsertesting.java:18)
at com.ecommerce.test.normalbrowsertesting.teardown(normalbrowsertesting.java:18)
at com.ecommerce.test.normalbrowsertesting.teardown(normalbrowsertesting.java:18)
at com.ecommerce.test.normalbrowsertesting.teardown(normalbrowsertesting.java:18)
at com.ecommerce.test.normalbrowsertesting.teardown(normalbrowsertesting.java:18)
at com.ecommerce.test.normalbrowsertesting.teardown(normalbrowsertesting.java:18)
at com.ecommerce.test.normalbrowsertesting.teardown(normalbrowsertesting.java:18)
at com.ecommerce.test.normalbrowsertesting.teardown(normalbrowsertesting.java:18)
at com.ecommerce.test.normalbrowsertesting.teardown(normalbrowsertesting.java:18)
at com.ecommerce.test.normalbrowsertesting.teardown(normalbrowsertesting.java:18)
at com.ecommerce.test.normalbrowsertesting.teardown(normalbrowsertesting.java:18)
at com.ecommerce.test.normalbrowsertesting.teardown(normalbrowsertesting.java:18)
at com.ecommerce.test.normalbrowsertesting.teardown(normalbrowsertesting.java:18)
at com.ecommerce.test.normalbrowsertesting.teardown(normalbrowsertesting.java:18)
at com.ecommerce.test.normalbrowsertesting.teardown(normalbrowsertesting.java:18)
at com.ecommerce.test.normalbrowsertesting.teardown(normalbrowsertesting.java:18)
at com.ecommerce.test.normalbrowsertesting.teardown(normalbrowsertesting.java:18)
at com.ecommerce.test.normalbrowsertesting.teardown(normalbrowsertesting.java:18)
at com.ecommerce.test.normalbrowsertesting.teardown(normalbrowsertesting.java:18)
at com.ecommerce.test.normalbrowsertesting.teardown(normalbrowsertesting.java:18)
at com.ecommerce.test.normalbrowsertesting.teardown(normalbrowsertesting.java:18)
at com.ecommerce.test.normalbrowsertesting.teardown(normalbrowsertesting.java:18)
at com.ecommerce.test.normalbrowsertesting.teardown(normalbrowsertesting.java:18)
at com.ecommerce.test.normalbrowsertesting.teardown(normalbrowsertesting.java:18)
at com.ecommerce.test.normalbrowsertesting.teardown(normalbrowsertesting.java:18)
at com.ecommerce.test.normalbrowsertesting.teardown(normalbrowsertesting.java:18)
at com.ecommerce.test.normalbrowsertesting.teardown(normalbrowsertesting.java:18)
at com.ecommerce.test.normalbrowsertesting.teardown(normalbrowsertesting.java:18)
at com.ecommerce.test.normalbrowsertesting.teardown(normalbrowsertesting.java:18)
at com.ecommerce.test.normalbrowsertesting.teardown(normalbrowsertesting.java:18)
at com.ecommerce.test.normalbrowsertesting.teardown(normalbrowsertesting.java:18)
at com.ecommerce.test.normalbrowsertesting.teardown(normalbrowsertesting.java:18)
at com.ecommerce.test.normalbrowsertesting.teardown(normalbrowsertesting.java:18)
at com.ecommerce.test.normalbrowsertesting.teardown(normalbrowsertesting.java:18)
at com.ecommerce.test.normalbrowsertesting.teardown(normalbrowsertesting.java:18)
at com.ecommerce.test.normalbrowsertesting.teardown(normalbrowsertesting.java:18)
at com.ecommerce.test.normalbrowsertesting.teardown(normalbrowsertesting.java:18)
at com.ecommerce.test.normalbrowsertesting.teardown(normalbrowsertesting.java:18)
at com.ecommerce.test.normalbrowsertesting.teardown(normalbrowsertesting.java:18)
at com.ecommerce.test.normalbrowsertesting.teardown(normalbrowsertesting.java:18)
at com.ecommerce.test.normalbrowsertesting.teardown(normalbrowsertesting.java:18)
at com.ecommerce.test.normalbrowsertesting.teardown(normalbrowsertesting.java:18)
at com.ecommerce.test.normalbrowsertesting.teardown(normalbrowsertesting.java:18)
at com.ecommerce.test.normalbrowsertesting.teardown(normalbrowsertesting.java:18)
at com.ecommerce.test.normalbrowsertesting.teardown(normalbrowsertesting.java:18)
at com.ecommerce.test.normalbrowsertesting.teardown(normalbrowsertesting.java:18)
at com.ecommerce.test.normalbrowsertesting.teardown(normalbrowsertesting.java:18)
at com.ecommerce.test.normalbrowsertesting.teardown(normalbrowsertesting.java:18)
at com.ecommerce.test.normalbrowsertesting.teardown(normalbrowsertesting.java:18)
at com.ecommerce.test.normalbrowsertesting.teardown(normalbrowsertesting.java:18)
at com.ecommerce.test.normalbrowsertesting.teardown(normalbrowsertesting.java:18)
at com.ecommerce.test.normalbrowsertesting.teardown(normalbrowsertesting.java:18)
at com.ecommerce.test.normalbrowsertesting.teardown(normalbrowsertesting.java:18)
at com.ecommerce.test.normalbrowsertesting.teardown(normalbrowsertesting.java:18)
at com.ecommerce.test.normalbrowsertesting.teardown(normalbrowsertesting.java:18)
at com.ecommerce.test.normalbrowsertesting.teardown(normalbrowsertesting.java:18)
at com.ecommerce.test.normalbrowsertesting.teardown(normalbrowsertesting.java:18)
at com.ecommerce.test.normalbrowsertesting.teardown(normalbrowsertesting.java:18)
at com.ecommerce.test.normalbrowsertesting.teardown(normalbrowsertesting.java:18)
at com.ecommerce.test.normalbrowsertesting.teardown(normalbrowsertesting.java:18)
at com.ecommerce.test.normalbrowsertesting.teardown(normalbrowsertesting.java:18)
at com.ecommerce.test.normalbrowsertesting.teardown(normalbrowsertesting.java:18)
at com.ecommerce.test.normalbrowsertesting.teardown(normalbrowsertesting.java:18)
at com.ecommerce.test.normalbrowsertesting.teardown(normalbrowsertesting.java:18)
at com.ecommerce.test.normalbrowsertesting.teardown(normalbrowsertesting.java:18)
at com.ecommerce.test.normalbrowsertesting.teardown(normalbrowsertesting.java:18)
at com.ecommerce.test.normalbrowsertesting.teardown(normalbrowsertesting.java:18)
at com.ecommerce.test.normalbrowsertesting.teardown(normalbrowsertesting.java:18)
at com.ecommerce.test.normalbrowsertesting.teardown(normalbrowsertesting.java:18)
at com.ecommerce.test.normalbrowsertesting.teardown(normalbrowsertesting.java:18)
at com.ecommerce.test.normalbrowsertesting.teardown(normalbrowsertesting.java:18)
at com.ecommerce.test.normalbrowsertesting.teardown(normalbrowsertesting.java:18)
at com.ecommerce.test.normalbrowsertesting.teardown(normalbrowsertesting.java:18)
at com.ecommerce.test.normalbrowsertesting.teardown(normalbrowsertesting.java:18)
at com.ecommerce.test.normalbrowsertesting.teardown(normalbrowsertesting.java:18)
at com.ecommerce.test.normalbrowsertesting.teardown(normalbrowsertesting.java:18)
at com.ecommerce.test.normalbrowsertesting.teardown(normalbrowsertesting.java:18)
at com.ecommerce.test.normalbrowsertesting.teardown(normalbrowsertesting.java:18)
at com.ecommerce.test.normalbrowsertesting.teardown(normalbrowsertesting.java:18)
at com.ecommerce.test.normalbrowsertesting.teardown(normalbrowsertesting.java:18)
at com.ecommerce.test.normalbrowsertesting.teardown(normalbrowsertesting.java:18)
at com.ecommerce.test.normalbrowsertesting.teardown(normalbrowsertesting.java:18)
at com.ecommerce.test.normalbrowsertesting.teardown(normalbrowsertesting.java:18)
at com.ecommerce.test.normalbrowsertesting.teardown(normalbrowsertesting.java:18)
at com.ecommerce.test.normalbrowsertesting.teardown(normalbrowsertesting.java:18)
at com.ecommerce.test.normalbrowsertesting.teardown(normalbrowsertesting.java:18)
at com.ecommerce.test.normalbrowsertesting.teardown(normalbrowsertesting.java:18)
at com.ecommerce.test.normalbrowsertesting.teardown(normalbrowsertesting.java:18)
at com.ecommerce.test.normalbrowsertesting.teardown(normalbrowsertesting.java:18)
at com.ecommerce.test.normalbrowsertesting.teardown(normalbrowsertesting.java:18)
at com.ecommerce.test.normalbrowsertesting.teardown(normalbrowsertesting.java:18)
at com.ecommerce.test.normalbrowsertesting.teardown(normalbrowsertesting.java:18)
at com.ecommerce.test.normalbrowsertesting.teardown(normalbrowsertesting.java:18)
at com.ecommerce.test.normalbrowsertesting.teardown(normalbrowsertesting.java:18)
at com.ecommerce.test.normalbrowsertesting.teardown(normalbrowsertesting.java:18)
at com.ecommerce.test.normalbrowsertesting.teardown(normalbrowsertesting.java:18)
at com.ecommerce.test.normalbrowsertesting.teardown(normalbrowsertesting.java:18)
at com.ecommerce.test.normalbrowsertesting.teardown(normalbrowsertesting.java:18)
at com.ecommerce.test.normalbrowsertesting.teardown(normalbrowsertesting.java:18)
at com.ecommerce.test.normalbrowsertesting.teardown(normalbrowsertesting.java:18)
at com.ecommerce.test.normalbrowsertesting.teardown(normalbrowsertesting.java:18)
at com.ecommerce.test.normalbrowsertesting.teardown(normalbrowsertesting.java:18)
at com.ecommerce.test.normalbrowsertesting.teardown(normalbrowsertesting.java:18)
at com.ecommerce.test.normalbrowsertesting.teardown(normalbrowsertesting.java:18)
at com.ecommerce.test.normalbrowsertesting.teardown(normalbrowsertesting.java:18)
at com.ecommerce.test.normalbrowsertesting.teardown(normalbrowsertesting.java:18)
at com.ecommerce.test.normalbrowsertesting.teardown(normalbrowsertesting.java:18)
at com.ecommerce.test.normalbrowsertesting.teardown(normalbrowsertesting.java:18)
at com.ecommerce.test.normalbrowsertesting.teardown(normalbrowsertesting.java:18)
at com.ecommerce.test.normalbrowsertesting.teardown(normalbrowsertesting.java:18)
at com.ecommerce.test.normalbrowsertesting.teardown(normalbrowsertesting.java:18)
at com.ecommerce.test.normalbrowsertesting.teardown(normalbrowsertesting.java:18)
at com.ecommerce.test.normalbrowsertesting.teardown(normalbrowsertesting.java:18)
at com.ecommerce.test.normalbrowsertesting.teardown(normalbrowsertesting.java:18)
at com.ecommerce.test.normalbrowsertesting.teardown(normalbrowsertesting.java:18)
at com.ecommerce.test.normalbrowsertesting.teardown(normalbrowsertesting.java:18)
at com.ecommerce.test.normalbrowsertesting.teardown(normalbrowsertesting.java:18)
at com.ecommerce.test.normalbrowsertesting.teardown(normalbrowsertesting.java:18)
at com.ecommerce.test.normalbrowsertesting.teardown(normalbrowsertesting.java:18)
at com.ecommerce.test.normalbrowsertesting.teardown(normalbrowsertesting.java:18)
at com.ecommerce.test.normalbrowsertesting.teardown(normalbrowsertesting.java:18)
at com.ecommerce.test.normalbrowsertesting.teardown(normalbrowsertesting.java:18)
at com.ecommerce.test.normalbrowsertesting.teardown(normalbrowsertesting.java:18)
at com.ecommerce.test.normalbrowsertesting.teardown(normalbrowsertesting.java:18)
at com.ecommerce.test.normalbrowsertesting.teardown(normalbrowsertesting.java:18)
at com.ecommerce.test.normalbrowsertesting.teardown(normalbrowsertesting.java:18)
at com.ecommerce.test.normalbrowsertesting.teardown(normalbrowsertesting.java:18)
at com.ecommerce.test.normalbrowsertesting.teardown(normalbrowsertesting.java:18)
at com.ecommerce.test.normalbrowsertesting.teardown(normalbrowsertesting.java:18)
at com.ecommerce.test.normalbrowsertesting.teardown(normalbrowsertesting.java:18)
at com.ecommerce.test.normalbrowsertesting.teardown(normalbrowsertesting.java:18)
at com.ecommerce.test.normalbrowsertesting.teardown(normalbrowsertesting.java:18)
at com.ecommerce.test.normalbrowsertesting.teardown(normalbrowsertesting.java:18)
at com.ecommerce.test.normalbrowsertesting.teardown(normalbrowsertesting.java:18)
at com.ecommerce.test.normalbrowsertesting.teardown(normalbrowsertesting.java:18)
at com.ecommerce.test.normalbrowsertesting.teardown(normalbrowsertesting.java:18)
at com.ecommerce.test.normalbrowsertesting.teardown(normalbrowsertesting.java:18)
at com.ecommerce.test.normalbrowsertesting.teardown(normalbrowsertesting.java:18)
at com.ecommerce.test.normalbrowsertesting.teardown(normalbrowsertesting.java:18)
at com.ecommerce.test.normalbrowsertesting.teardown(normalbrowsertesting.java:18)
at com.ecommerce.test.normalbrowsertesting.teardown(normalbrowsertesting.java:18)
at com.ecommerce.test.normalbrowsertesting.teardown(normalbrowsertesting.java:18)
at com.ecommerce.test.normalbrowsertesting.teardown(normalbrowsertesting.java:18)
at com.ecommerce.test.normalbrowsertesting.teardown(normalbrowsertesting.java:18)
at com.ecommerce.test.normalbrowsertesting.teardown(normalbrowsertesting.java:18)
at com.ecommerce.test.normalbrowsertesting.teardown(normalbrowsertesting.java:18)
at com.ecommerce.test.normalbrowsertesting.teardown(normalbrowsertesting.java:18)
at com.ecommerce.test.normalbrowsertesting.teardown(normalbrowsertesting.java:18)
at com.ecommerce.test.normalbrowsertesting.teardown(normalbrowsertesting.java:18)
at com.ecommerce.test.normalbrowsertesting.teardown(normalbrowsertesting.java:18)
at com.ecommerce.test.normalbrowsertesting.teardown(normalbrowsertesting.java:18)
at com.ecommerce.test.normalbrowsertesting.teardown(normalbrowsertesting.java:18)
at com.ecommerce.test.normalbrowsertesting.teardown(normalbrowsertesting.java:18)
at com.ecommerce.test.normalbrowsertesting.teardown(normalbrowsertesting.java:18)
at com.ecommerce.test.normalbrowsertesting.teardown(normalbrowsertesting.java:18)
at com.ecommerce.test.normalbrowsertesting.teardown(normalbrowsertesting.java:18)
at com.ecommerce.test.normalbrowsertesting.teardown(normalbrowsertesting.java:18)
at com.ecommerce.test.normalbrowsertesting.teardown(normalbrowsertesting.java:18)
at com.ecommerce.test.normalbrowsertesting.teardown(normalbrowsertesting.java:18)
at com.ecommerce.test.normalbrowsertesting.teardown(normalbrowsertesting.java:18)
at com.ecommerce.test.normalbrowsertesting.teardown(normalbrowsertesting.java:18)
at com.ecommerce.test.normalbrowsertesting.teardown(normalbrowsertesting.java:18)
at com.ecommerce.test.normalbrowsertesting.teardown(normalbrowsertesting.java:18)
at com.ecommerce.test.normalbrowsertesting.teardown(normalbrowsertesting.java:18)
at com.ecommerce.test.normalbrowsertesting.teardown(normalbrowsertesting.java:18)
at com.ecommerce.test.normalbrowsertesting.teardown(normalbrowsertesting.java:18)
at com.ecommerce.test.normalbrowsertesting.teardown(normalbrowsertesting.java:18)
at com.ecommerce.test.normalbrowsertesting.teardown(normalbrowsertesting.java:18)
at com.ecommerce.test.normalbrowsertesting.teardown(normalbrowsertesting.java:18)
at com.ecommerce.test.normalbrowsertesting.teardown(normalbrowsertesting.java:18)
at com.ecommerce.test.normalbrowsertesting.teardown(normalbrowsertesting.java:18)
at com.ecommerce.test.normalbrowsertesting.teardown(normalbrowsertesting.java:18)
at com.ecommerce.test.normalbrowsertesting.teardown(normalbrowsertesting.java:18)
at com.ecommerce.test.normalbrowsertesting.teardown(normalbrowsertesting.java:18)
at com.ecommerce.test.normalbrowsertesting.teardown(normalbrowsertesting.java:18)
at com.ecommerce.test.normalbrowsertesting.teardown(normalbrowsertesting.java:18)
at com.ecommerce.test.normalbrowsertesting.teardown(normalbrowsertesting.java:18)
at com.ecommerce.test.normalbrowsertesting.teardown(normalbrowsertesting.java:18)
at com.ecommerce.test.normalbrowsertesting.teardown(normalbrowsertesting.java:18)
at com.ecommerce.test.normalbrowsertesting.teardown(normalbrowsertesting.java:18)
at com.ecommerce.test.normalbrowsertesting.teardown(normalbrowsertesting.java:18)
at com.ecommerce.test.normalbrowsertesting.teardown(normalbrowsertesting.java:18)
at com.ecommerce.test.normalbrowsertesting.teardown(normalbrowsertesting.java:18)
at com.ecommerce.test.normalbrowsertesting.teardown(normalbrowsertesting.java:18)
at com.ecommerce.test.normalbrowsertesting.teardown(normalbrowsertesting.java:18)
at com.ecommerce.test.normalbrowsertesting.teardown(normalbrowsertesting.java:18)
at com.ecommerce.test.normalbrowsertesting.teardown(normalbrowsertesting.java:18)
at com.ecommerce.test.normalbrowsertesting.teardown(normalbrowsertesting.java:18)
at com.ecommerce.test.normalbrowsertesting.teardown(normalbrowsertesting.java:18)
at com.ecommerce.test.normalbrowsertesting.teardown(normalbrowsertesting.java:18)
at com.ecommerce.test.normalbrowsertesting.teardown(normalbrowsertesting.java:18)
at com.ecommerce.test.normalbrowsertesting.teardown(normalbrowsertesting.java:18)
at com.ecommerce.test.normalbrowsertesting.teardown(normalbrowsertesting.java:18)
at com.ecommerce.test.normalbrowsertesting.teardown(normalbrowsertesting.java:18)
at com.ecommerce.test.normalbrowsertesting.teardown(normalbrowsertesting.java:18)
at com.ecommerce.test.normalbrowsertesting.teardown(normalbrowsertesting.java:18)
at com.ecommerce.test.normalbrowsertesting.teardown(normalbrowsertesting.java:18)
at com.ecommerce.test.normalbrowsertesting.teardown(normalbrowsertesting.java:18)
at com.ecommerce.test.normalbrowsertesting.teardown(normalbrowsertesting.java:18)
at com.ecommerce.test.normalbrowsertesting.teardown(normalbrowsertesting.java:18)
at com.ecommerce.test.normalbrowsertesting.teardown(normalbrowsertesting.java:18)
at com.ecommerce.test.normalbrowsertesting.teardown(normalbrowsertesting.java:18)
at com.ecommerce.test.normalbrowsertesting.teardown(normalbrowsertesting.java:18)
at com.ecommerce.test.normalbrowsertesting.teardown(normalbrowsertesting.java:18)
at com.ecommerce.test.normalbrowsertesting.teardown(normalbrowsertesting.java:18)
at com.ecommerce.test.normalbrowsertesting.teardown(normalbrowsertesting.java:18)
at com.ecommerce.test.normalbrowsertesting.teardown(normalbrowsertesting.java:18)
at com.ecommerce.test.normalbrowsertesting.teardown(normalbrowsertesting.java:18)
at com.ecommerce.test.normalbrowsertesting.teardown(normalbrowsertesting.java:18)
at com.ecommerce.test.normalbrowsertesting.teardown(normalbrowsertesting.java:18)
at com.ecommerce.test.normalbrowsertesting.teardown(normalbrowsertesting.java:18)
at com.ecommerce.test.normalbrowsertesting.teardown(normalbrowsertesting.java:18)
at com.ecommerce.test.normalbrowsertesting.teardown(normalbrowsertesting.java:18)
at com.ecommerce.test.normalbrowsertesting.teardown(normalbrowsertesting.java:18)
at com.ecommerce.test.normalbrowsertesting.teardown(normalbrowsertesting.java:18)
at com.ecommerce.test.normalbrowsertesting.teardown(normalbrowsertesting.java:18)
at com.ecommerce.test.normalbrowsertesting.teardown(normalbrowsertesting.java:18)
at com.ecommerce.test.normalbrowsertesting.teardown(normalbrowsertesting.java:18)
at com.ecommerce.test.normalbrowsertesting.teardown(normalbrowsertesting.java:18)
at com.ecommerce.test.normalbrowsertesting.teardown(normalbrowsertesting.java:18)
at com.ecommerce.test.normalbrowsertesting.teardown(normalbrowsertesting.java:18)
at com.ecommerce.test.normalbrowsertesting.teardown(normalbrowsertesting.java:18)
at com.ecommerce.test.normalbrowsertesting.teardown(normalbrowsertesting.java:18)
at com.ecommerce.test.normalbrowsertesting.teardown(normalbrowsertesting.java:18)
at com.ecommerce.test.normalbrowsertesting.teardown(normalbrowsertesting.java:18)
at com.ecommerce.test.normalbrowsertesting.teardown(normalbrowsertesting.java:18)
at com.ecommerce.test.normalbrowsertesting.teardown(normalbrowsertesting.java:18)
at com.ecommerce.test.normalbrowsertesting.teardown(normalbrowsertesting.java:18)
at com.ecommerce.test.normalbrowsertesting.teardown(normalbrowsertesting.java:18)
at com.ecommerce.test.normalbrowsertesting.teardown(normalbrowsertesting.java:18)
at com.ecommerce.test.normalbrowsertesting.teardown(normalbrowsertesting.java:18)
at com.ecommerce.test.normalbrowsertesting.teardown(normalbrowsertesting.java:18)
at com.ecommerce.test.normalbrowsertesting.teardown(normalbrowsertesting.java:18)
at com.ecommerce.test.normalbrowsertesting.teardown(normalbrowsertesting.java:18)
at com.ecommerce.test.normalbrowsertesting.teardown(normalbrowsertesting.java:18)
at com.ecommerce.test.normalbrowsertesting.teardown(normalbrowsertesting.java:18)
at com.ecommerce.test.normalbrowsertesting.teardown(normalbrowsertesting.java:18)
at com.ecommerce.test.normalbrowsertesting.teardown(normalbrowsertesting.java:18)
at com.ecommerce.test.normalbrowsertesting.teardown(normalbrowsertesting.java:18)
at com.ecommerce.test.normalbrowsertesting.teardown(normalbrowsertesting.java:18)
at com.ecommerce.test.normalbrowsertesting.teardown(normalbrowsertesting.java:18)
at com.ecommerce.test.normalbrowsertesting.teardown(normalbrowsertesting.java:18)
at com.ecommerce.test.normalbrowsertesting.teardown(normalbrowsertesting.java:18)
at com.ecommerce.test.normalbrowsertesting.teardown(normalbrowsertesting.java:18)
at com.ecommerce.test.normalbrowsertesting.teardown(normalbrowsertesting.java:18)
at com.ecommerce.test.normalbrowsertesting.teardown(normalbrowsertesting.java:18)
at com.ecommerce.test.normalbrowsertesting.teardown(normalbrowsertesting.java:18)
at com.ecommerce.test.normalbrowsertesting.teardown(normalbrowsertesting.java:18)
at com.ecommerce.test.normalbrowsertesting.teardown(normalbrowsertesting.java:18)
at com.ecommerce.test.normalbrowsertesting.teardown(normalbrowsertesting.java:18)
at com.ecommerce.test.normalbrowsertesting.teardown(normalbrowsertesting.java:18)
at com.ecommerce.test.normalbrowsertesting.teardown(normalbrowsertesting.java:18)
at com.ecommerce.test.normalbrowsertesting.teardown(normalbrowsertesting.java:18)
at com.ecommerce.test.normalbrowsertesting.teardown(normalbrowsertesting.java:18)
at com.ecommerce.test.normalbrowsertesting.teardown(normalbrowsertesting.java:18)
at com.ecommerce.test.normalbrowsertesting.teardown(normalbrowsertesting.java:18)
at com.ecommerce.test.normalbrowsertesting.teardown(normalbrowsertesting.java:18)
at com.ecommerce.test.normalbrowsertesting.teardown(normalbrowsertesting.java:18)
at com.ecommerce.test.normalbrowsertesting.teardown(normalbrowsertesting.java:18)
at com.ecommerce.test.normalbrowsertesting.teardown(normalbrowsertesting.java:18)
at com.ecommerce.test.normalbrowsertesting.teardown(normalbrowsertesting.java:18)
at com.ecommerce.test.normalbrowsertesting.teardown(normalbrowsertesting.java:18)
at com.ecommerce.test.normalbrowsertesting.teardown(normalbrowsertesting.java:18)
at com.ecommerce.test.normalbrowsertesting.teardown(normalbrowsertesting.java:18)
at com.ecommerce.test.normalbrowsertesting.teardown(normalbrowsertesting.java:18)
at com.ecommerce.test.normalbrowsertesting.teardown(normalbrowsertesting.java:18)
at com.ecommerce.test.normalbrowsertesting.teardown(normalbrowsertesting.java:18)
at com.ecommerce.test.normalbrowsertesting.teardown(normalbrowsertesting.java:18)
at com.ecommerce.test.normalbrowsertesting.teardown(normalbrowsertesting.java:18)
at com.ecommerce.test.normalbrowsertesting.teardown(normalbrowsertesting.java:18)
at com.ecommerce.test.normalbrowsertesting.teardown(normalbrowsertesting.java:18)
at com.ecommerce.test.normalbrowsertesting.teardown(normalbrowsertesting.java:18)
at com.ecommerce.test.normalbrowsertesting.teardown(normalbrowsertesting.java:18)
at com.ecommerce.test.normalbrowsertesting.teardown(normalbrowsertesting.java:18)
at com.ecommerce.test.normalbrowsertesting.teardown(normalbrowsertesting.java:18)
at com.ecommerce.test.normalbrowsertesting.teardown(normalbrowsertesting.java:18)
at com.ecommerce.test.normalbrowsertesting.teardown(normalbrowsertesting.java:18)
at com.ecommerce.test.normalbrowsertesting.teardown(normalbrowsertesting.java:18)
at com.ecommerce.test.normalbrowsertesting.teardown(normalbrowsertesting.java:18)
at com.ecommerce.test.normalbrowsertesting.teardown(normalbrowsertesting.java:18)
at com.ecommerce.test.normalbrowsertesting.teardown(normalbrowsertesting.java:18)
at com.ecommerce.test.normalbrowsertesting.teardown(normalbrowsertesting.java:18)
at com.ecommerce.test.normalbrowsertesting.teardown(normalbrowsertesting.java:18)
at com.ecommerce.test.normalbrowsertesting.teardown(normalbrowsertesting.java:18)
at com.ecommerce.test.normalbrowsertesting.teardown(normalbrowsertesting.java:18)
at com.ecommerce.test.normalbrowsertesting.teardown(normalbrowsertesting.java:18)
at com.ecommerce.test.normalbrowsertesting.teardown(normalbrowsertesting.java:18)
at com.ecommerce.test.normalbrowsertesting.teardown(normalbrowsertesting.java:18)
at com.ecommerce.test.normalbrowsertesting.teardown(normalbrowsertesting.java:18)
at com.ecommerce.test.normalbrowsertesting.teardown(normalbrowsertesting.java:18)
at com.ecommerce.test.normalbrowsertesting.teardown(normalbrowsertesting.java:18)
at com.ecommerce.test.normalbrowsertesting.teardown(normalbrowsertesting.java:18)
at com.ecommerce.test.normalbrowsertesting.teardown(normalbrowsertesting.java:18)
at com.ecommerce.test.normalbrowsertesting.teardown(normalbrowsertesting.java:18)
at com.ecommerce.test.normalbrowsertesting.teardown(normalbrowsertesting.java:18)
at com.ecommerce.test.normalbrowsertesting.teardown(normalbrowsertesting.java:18)
at com.ecommerce.test.normalbrowsertesting.teardown(normalbrowsertesting.java:18)
at com.ecommerce.test.normalbrowsertesting.teardown(normalbrowsertesting.java:18)
at com.ecommerce.test.normalbrowsertesting.teardown(normalbrowsertesting.java:18)
at com.ecommerce.test.normalbrowsertesting.teardown(normalbrowsertesting.java:18)
at com.ecommerce.test.normalbrowsertesting.teardown(normalbrowsertesting.java:18)
at com.ecommerce.test.normalbrowsertesting.teardown(normalbrowsertesting.java:18)
at com.ecommerce.test.normalbrowsertesting.teardown(normalbrowsertesting.java:18)
at com.ecommerce.test.normalbrowsertesting.teardown(normalbrowsertesting.java:18)
at com.ecommerce.test.normalbrowsertesting.teardown(normalbrowsertesting.java:18)
at com.ecommerce.test.normalbrowsertesting.teardown(normalbrowsertesting.java:18)
at com.ecommerce.test.normalbrowsertesting.teardown(normalbrowsertesting.java:18)
at com.ecommerce.test.normalbrowsertesting.teardown(normalbrowsertesting.java:18)
at com.ecommerce.test.normalbrowsertesting.teardown(normalbrowsertesting.java:18)
at com.ecommerce.test.normalbrowsertesting.teardown(normalbrowsertesting.java:18)
at com.ecommerce.test.normalbrowsertesting.teardown(normalbrowsertesting.java:18)
at com.ecommerce.test.normalbrowsertesting.teardown(normalbrowsertesting.java:18)
at com.ecommerce.test.normalbrowsertesting.teardown(normalbrowsertesting.java:18)
at com.ecommerce.test.normalbrowsertesting.teardown(normalbrowsertesting.java:18)
at com.ecommerce.test.normalbrowsertesting.teardown(normalbrowsertesting.java:18)
at com.ecommerce.test.normalbrowsertesting.teardown(normalbrowsertesting.java:18)
at com.ecommerce.test.normalbrowsertesting.teardown(normalbrowsertesting.java:18)
at com.ecommerce.test.normalbrowsertesting.teardown(normalbrowsertesting.java:18)
at com.ecommerce.test.normalbrowsertesting.teardown(normalbrowsertesting.java:18)
at com.ecommerce.test.normalbrowsertesting.teardown(normalbrowsertesting.java:18)
at com.ecommerce.test.normalbrowsertesting.teardown(normalbrowsertesting.java:18)
at com.ecommerce.test.normalbrowsertesting.teardown(normalbrowsertesting.java:18)
at com.ecommerce.test.normalbrowsertesting.teardown(normalbrowsertesting.java:18)
at com.ecommerce.test.normalbrowsertesting.teardown(normalbrowsertesting.java:18)
at com.ecommerce.test.normalbrowsertesting.teardown(normalbrowsertesting.java:18)
at com.ecommerce.test.normalbrowsertesting.teardown(normalbrowsertesting.java:18)
at com.ecommerce.test.normalbrowsertesting.teardown(normalbrowsertesting.java:18)
at com.ecommerce.test.normalbrowsertesting.teardown(normalbrowsertesting.java:18)
at com.ecommerce.test.normalbrowsertesting.teardown(normalbrowsertesting.java:18)
at com.ecommerce.test.normalbrowsertesting.teardown(normalbrowsertesting.java:18)
at com.ecommerce.test.normalbrowsertesting.teardown(normalbrowsertesting.java:18)
at com.ecommerce.test.normalbrowsertesting.teardown(normalbrowsertesting.java:18)
at com.ecommerce.test.normalbrowsertesting.teardown(normalbrowsertesting.java:18)
at com.ecommerce.test.normalbrowsertesting.teardown(normalbrowsertesting.java:18)
at com.ecommerce.test.normalbrowsertesting.teardown(normalbrowsertesting.java:18)
at com.ecommerce.test.normalbrowsertesting.teardown(normalbrowsertesting.java:18)
at com.ecommerce.test.normalbrowsertesting.teardown(normalbrowsertesting.java:18)
at com.ecommerce.test.normalbrowsertesting.teardown(normalbrowsertesting.java:18)
at com.ecommerce.test.normalbrowsertesting.teardown(normalbrowsertesting.java:18)
at com.ecommerce.test.normalbrowsertesting.teardown(normalbrowsertesting.java:18)
at com.ecommerce.test.normalbrowsertesting.teardown(normalbrowsertesting.java:18)
at com.ecommerce.test.normalbrowsertesting.teardown(normalbrowsertesting.java:18)
at com.ecommerce.test.normalbrowsertesting.teardown(normalbrowsertesting.java:18)
at com.ecommerce.test.normalbrowsertesting.teardown(normalbrowsertesting.java:18)
at com.ecommerce.test.normalbrowsertesting.teardown(normalbrowsertesting.java:18)
at com.ecommerce.test.normalbrowsertesting.teardown(normalbrowsertesting.java:18)
at com.ecommerce.test.normalbrowsertesting.teardown(normalbrowsertesting.java:18)
at com.ecommerce.test.normalbrowsertesting.teardown(normalbrowsertesting.java:18)
at com.ecommerce.test.normalbrowsertesting.teardown(normalbrowsertesting.java:18)
at com.ecommerce.test.normalbrowsertesting.teardown(normalbrowsertesting.java:18)
at com.ecommerce.test.normalbrowsertesting.teardown(normalbrowsertesting.java:18)
at com.ecommerce.test.normalbrowsertesting.teardown(normalbrowsertesting.java:18)
at com.ecommerce.test.normalbrowsertesting.teardown(normalbrowsertesting.java:18)
at com.ecommerce.test.normalbrowsertesting.teardown(normalbrowsertesting.java:18)
at com.ecommerce.test.normalbrowsertesting.teardown(normalbrowsertesting.java:18)
at com.ecommerce.test.normalbrowsertesting.teardown(normalbrowsertesting.java:18)
at com.ecommerce.test.normalbrowsertesting.teardown(normalbrowsertesting.java:18)
at com.ecommerce.test.normalbrowsertesting.teardown(normalbrowsertesting.java:18)
at com.ecommerce.test.normalbrowsertesting.teardown(normalbrowsertesting.java:18)
at com.ecommerce.test.normalbrowsertesting.teardown(normalbrowsertesting.java:18)
at com.ecommerce.test.normalbrowsertesting.teardown(normalbrowsertesting.java:18)
at com.ecommerce.test.normalbrowsertesting.teardown(normalbrowsertesting.java:18)
at com.ecommerce.test.normalbrowsertesting.teardown(normalbrowsertesting.java:18)
at com.ecommerce.test.normalbrowsertesting.teardown(normalbrowsertesting.java:18)
at com.ecommerce.test.normalbrowsertesting.teardown(normalbrowsertesting.java:18)
at com.ecommerce.test.normalbrowsertesting.teardown(normalbrowsertesting.java:18)
at com.ecommerce.test.normalbrowsertesting.teardown(normalbrowsertesting.java:18)
at com.ecommerce.test.normalbrowsertesting.teardown(normalbrowsertesting.java:18)
at com.ecommerce.test.normalbrowsertesting.teardown(normalbrowsertesting.java:18)
at com.ecommerce.test.normalbrowsertesting.teardown(normalbrowsertesting.java:18)
at com.ecommerce.test.normalbrowsertesting.teardown(normalbrowsertesting.java:18)
at com.ecommerce.test.normalbrowsertesting.teardown(normalbrowsertesting.java:18)
at com.ecommerce.test.normalbrowsertesting.teardown(normalbrowsertesting.java:18)
at com.ecommerce.test.normalbrowsertesting.teardown(normalbrowsertesting.java:18)
at com.ecommerce.test.normalbrowsertesting.teardown(normalbrowsertesting.java:18)
at com.ecommerce.test.normalbrowsertesting.teardown(normalbrowsertesting.java:18)
at com.ecommerce.test.normalbrowsertesting.teardown(normalbrowsertesting.java:18)
at com.ecommerce.test.normalbrowsertesting.teardown(normalbrowsertesting.java:18)
at com.ecommerce.test.normalbrowsertesting.teardown(normalbrowsertesting.java:18)
at com.ecommerce.test.normalbrowsertesting.teardown(normalbrowsertesting.java:18)
]]>
    </error>
  </testcase> <!-- teardown -->
</testsuite> <!-- com.ecommerce.test.normalbrowsertesting -->
